#
# There is insufficient memory for the Java Runtime Environment to continue.
# Native memory allocation (malloc) failed to allocate 2092496 bytes. Error detail: Chunk::new
# Possible reasons:
#   The system is out of physical RAM or swap space
#   This process is running with CompressedOops enabled, and the Java Heap may be blocking the growth of the native heap
# Possible solutions:
#   Reduce memory load on the system
#   Increase physical memory or swap space
#   Check if swap backing store is full
#   Decrease Java heap size (-Xmx/-Xms)
#   Decrease number of Java threads
#   Decrease Java thread stack sizes (-Xss)
#   Set larger code cache with -XX:ReservedCodeCacheSize=
#   JVM is running with Unscaled Compressed Oops mode in which the Java heap is
#     placed in the first 4GB address space. The Java Heap base address is the
#     maximum limit for the native heap growth. Please use -XX:HeapBaseMinAddress
#     to set the Java Heap base and to place the Java Heap above 4GB virtual address.
# This output file may be truncated or incomplete.
#
#  Out of Memory Error (arena.cpp:150), pid=13456, tid=1576
#
# JRE version: OpenJDK Runtime Environment (22.0+36) (build 22+36-2370)
# Java VM: OpenJDK 64-Bit Server VM (22+36-2370, mixed mode, sharing, tiered, compressed oops, compressed class ptrs, g1 gc, windows-amd64)
# No core dump will be written. Minidumps are not enabled by default on client versions of Windows
#

---------------  S U M M A R Y ------------

Command Line: -javaagent:D:\intellijidea\IntelliJ IDEA Community Edition 2023.2.4\lib\idea_rt.jar=64138:D:\intellijidea\IntelliJ IDEA Community Edition 2023.2.4\bin -Dfile.encoding=UTF-8 -Dsun.stdout.encoding=UTF-8 -Dsun.stderr.encoding=UTF-8 com.example.JavaRestApi.JavaRestApiApplication

Host: Intel(R) Core(TM) i3-2330M CPU @ 2.20GHz, 4 cores, 3G,  Windows 10 , 64 bit Build 19041 (10.0.19041.2251)
Time: Sun Apr  7 00:47:42 2024  Windows 10 , 64 bit Build 19041 (10.0.19041.2251) elapsed time: 7.054759 seconds (0d 0h 0m 7s)

---------------  T H R E A D  ---------------

Current thread (0x000001bcfeb98490):  JavaThread "C2 CompilerThread0" daemon [_thread_in_native, id=1576, stack(0x000000994e100000,0x000000994e200000) (1024K)]


Current CompileTask:
C2:7054 3154       4       org.springframework.boot.context.properties.source.ConfigurationPropertyName$ElementsParser::parse (234 bytes)

Stack: [0x000000994e100000,0x000000994e200000]
Native frames: (J=compiled Java code, j=interpreted, Vv=VM code, C=native code)
V  [jvm.dll+0x6e2349]  (no source info available)
V  [jvm.dll+0x874ed3]  (no source info available)
V  [jvm.dll+0x8772fe]  (no source info available)
V  [jvm.dll+0x8779d3]  (no source info available)
V  [jvm.dll+0x27fcb6]  (no source info available)
V  [jvm.dll+0xc3d0f]  (no source info available)
V  [jvm.dll+0xc3f6b]  (no source info available)
V  [jvm.dll+0x3bb022]  (no source info available)
V  [jvm.dll+0x387abb]  (no source info available)
V  [jvm.dll+0x386f2a]  (no source info available)
V  [jvm.dll+0x247908]  (no source info available)
V  [jvm.dll+0x246faf]  (no source info available)
V  [jvm.dll+0x1c4e90]  (no source info available)
V  [jvm.dll+0x25699e]  (no source info available)
V  [jvm.dll+0x254c5a]  (no source info available)
V  [jvm.dll+0x3f5426]  (no source info available)
V  [jvm.dll+0x81d50b]  (no source info available)
V  [jvm.dll+0x6e09e5]  (no source info available)
C  [ucrtbase.dll+0x21bb2]  (no source info available)
C  [KERNEL32.DLL+0x174b4]  (no source info available)
C  [ntdll.dll+0x526a1]  (no source info available)


---------------  P R O C E S S  ---------------

Threads class SMR info:
_java_thread_list=0x000001bcdd256520, length=15, elements={
0x000001bcfb261f80, 0x000001bcfeb8cb40, 0x000001bcfeb915c0, 0x000001bcfeb92020,
0x000001bcfeb92a80, 0x000001bcfeb954f0, 0x000001bcfeb966f0, 0x000001bcfeb98490,
0x000001bcfeb9cb50, 0x000001bcfeb5c8c0, 0x000001bc975c8170, 0x000001bc975526e0,
0x000001bc97d51d20, 0x000001bcde11e2a0, 0x000001bcde11e910
}

Java Threads: ( => current thread )
  0x000001bcfb261f80 JavaThread "main"                              [_thread_in_vm, id=11876, stack(0x000000994d300000,0x000000994d400000) (1024K)]
  0x000001bcfeb8cb40 JavaThread "Reference Handler"          daemon [_thread_blocked, id=12644, stack(0x000000994db00000,0x000000994dc00000) (1024K)]
  0x000001bcfeb915c0 JavaThread "Finalizer"                  daemon [_thread_blocked, id=968, stack(0x000000994dc00000,0x000000994dd00000) (1024K)]
  0x000001bcfeb92020 JavaThread "Signal Dispatcher"          daemon [_thread_blocked, id=9696, stack(0x000000994dd00000,0x000000994de00000) (1024K)]
  0x000001bcfeb92a80 JavaThread "Attach Listener"            daemon [_thread_blocked, id=7148, stack(0x000000994de00000,0x000000994df00000) (1024K)]
  0x000001bcfeb954f0 JavaThread "Service Thread"             daemon [_thread_blocked, id=4504, stack(0x000000994df00000,0x000000994e000000) (1024K)]
  0x000001bcfeb966f0 JavaThread "Monitor Deflation Thread"   daemon [_thread_blocked, id=1484, stack(0x000000994e000000,0x000000994e100000) (1024K)]
=>0x000001bcfeb98490 JavaThread "C2 CompilerThread0"         daemon [_thread_in_native, id=1576, stack(0x000000994e100000,0x000000994e200000) (1024K)]
  0x000001bcfeb9cb50 JavaThread "C1 CompilerThread0"         daemon [_thread_blocked, id=5388, stack(0x000000994e200000,0x000000994e300000) (1024K)]
  0x000001bcfeb5c8c0 JavaThread "Common-Cleaner"             daemon [_thread_blocked, id=2116, stack(0x000000994e300000,0x000000994e400000) (1024K)]
  0x000001bc975c8170 JavaThread "Monitor Ctrl-Break"         daemon [_thread_in_native, id=4004, stack(0x000000994e400000,0x000000994e500000) (1024K)]
  0x000001bc975526e0 JavaThread "Notification Thread"        daemon [_thread_blocked, id=10564, stack(0x000000994e500000,0x000000994e600000) (1024K)]
  0x000001bc97d51d20 JavaThread "Catalina-utility-1"                [_thread_blocked, id=8524, stack(0x000000994e900000,0x000000994ea00000) (1024K)]
  0x000001bcde11e2a0 JavaThread "Catalina-utility-2"                [_thread_blocked, id=11100, stack(0x000000994ea00000,0x000000994eb00000) (1024K)]
  0x000001bcde11e910 JavaThread "container-0"                       [_thread_blocked, id=13416, stack(0x000000994eb00000,0x000000994ec00000) (1024K)]
Total: 15

Other Threads:
  0x000001bcfeb6fb40 VMThread "VM Thread"                           [id=3056, stack(0x000000994da00000,0x000000994db00000) (1024K)]
  0x000001bcfeb5b930 WatcherThread "VM Periodic Task Thread"        [id=10064, stack(0x000000994d900000,0x000000994da00000) (1024K)]
  0x000001bcfb29b960 WorkerThread "GC Thread#0"                     [id=9868, stack(0x000000994d400000,0x000000994d500000) (1024K)]
  0x000001bc97ecaa90 WorkerThread "GC Thread#1"                     [id=6768, stack(0x000000994e600000,0x000000994e700000) (1024K)]
  0x000001bc97b68fa0 WorkerThread "GC Thread#2"                     [id=12044, stack(0x000000994e700000,0x000000994e800000) (1024K)]
  0x000001bc97ed6180 WorkerThread "GC Thread#3"                     [id=13848, stack(0x000000994e800000,0x000000994e900000) (1024K)]
  0x000001bcfb2a55f0 ConcurrentGCThread "G1 Main Marker"            [id=1536, stack(0x000000994d500000,0x000000994d600000) (1024K)]
  0x000001bcfb2a6010 WorkerThread "G1 Conc#0"                       [id=8096, stack(0x000000994d600000,0x000000994d700000) (1024K)]
  0x000001bcfea28fc0 ConcurrentGCThread "G1 Refine#0"               [id=11664, stack(0x000000994d700000,0x000000994d800000) (1024K)]
  0x000001bcfea297f0 ConcurrentGCThread "G1 Service"                [id=10992, stack(0x000000994d800000,0x000000994d900000) (1024K)]
Total: 10

Threads with active compile tasks:
C2 CompilerThread0  7516 3154       4       org.springframework.boot.context.properties.source.ConfigurationPropertyName$ElementsParser::parse (234 bytes)
Total: 1

VM state: not at safepoint (normal execution)

VM Mutex/Monitor currently owned by a thread:  ([mutex/lock_event])
[0x00007ffe15beab48] Metaspace_lock - owner thread: 0x000001bcfb261f80

Heap address: 0x00000000c1400000, size: 1004 MB, Compressed Oops mode: 32-bit

CDS archive(s) mapped at: [0x000001bc98000000-0x000001bc98c50000-0x000001bc98c50000), size 12910592, SharedBaseAddress: 0x000001bc98000000, ArchiveRelocationMode: 1.
Compressed class space mapped at: 0x000001bc99000000-0x000001bcd9000000, reserved size: 1073741824
Narrow klass base: 0x000001bc98000000, Narrow klass shift: 0, Narrow klass range: 0x41000000

GC Precious Log:
 CardTable entry size: 512
 Card Set container configuration: InlinePtr #cards 5 size 8 Array Of Cards #cards 12 size 40 Howl #buckets 4 coarsen threshold 1843 Howl Bitmap #cards 512 size 80 coarsen threshold 460 Card regions per heap region 1 cards per card region 2048
 CPUs: 4 total, 4 available
 Memory: 4010M
 Large Page Support: Disabled
 NUMA Support: Disabled
 Compressed Oops: Enabled (32-bit)
 Heap Region Size: 1M
 Heap Min Capacity: 8M
 Heap Initial Capacity: 64M
 Heap Max Capacity: 1004M
 Pre-touch: Disabled
 Parallel Workers: 4
 Concurrent Workers: 1
 Concurrent Refinement Workers: 4
 Periodic GC: Disabled

Heap:
 garbage-first heap   total reserved 1028096K, committed 34816K, used 18747K [0x00000000c1400000, 0x0000000100000000)
  region size 1024K, 10 young (10240K), 3 survivors (3072K)
 Metaspace       used 26509K, committed 27008K, reserved 1114112K
  class space    used 3355K, committed 3584K, reserved 1048576K

Heap Regions: E=young(eden), S=young(survivor), O=old, HS=humongous(starts), HC=humongous(continues), CS=collection set, F=free, TAMS=top-at-mark-start, PB=parsable bottom
|   0|0x00000000c1400000, 0x00000000c1500000, 0x00000000c1500000|100%| O|  |TAMS 0x00000000c1400000| PB 0x00000000c1400000| Untracked |  0
|   1|0x00000000c1500000, 0x00000000c1600000, 0x00000000c1600000|100%| O|  |TAMS 0x00000000c1500000| PB 0x00000000c1500000| Untracked |  0
|   2|0x00000000c1600000, 0x00000000c1700000, 0x00000000c1700000|100%| O|Cm|TAMS 0x00000000c1600000| PB 0x00000000c1600000| Complete |  0
|   3|0x00000000c1700000, 0x00000000c1800000, 0x00000000c1800000|100%| O|  |TAMS 0x00000000c1700000| PB 0x00000000c1700000| Untracked |  0
|   4|0x00000000c1800000, 0x00000000c1900000, 0x00000000c1900000|100%| O|  |TAMS 0x00000000c1800000| PB 0x00000000c1800000| Untracked |  0
|   5|0x00000000c1900000, 0x00000000c1a00000, 0x00000000c1a00000|100%| O|  |TAMS 0x00000000c1900000| PB 0x00000000c1900000| Untracked |  0
|   6|0x00000000c1a00000, 0x00000000c1b00000, 0x00000000c1b00000|100%| O|  |TAMS 0x00000000c1a00000| PB 0x00000000c1a00000| Untracked |  0
|   7|0x00000000c1b00000, 0x00000000c1c00000, 0x00000000c1c00000|100%| O|  |TAMS 0x00000000c1b00000| PB 0x00000000c1b00000| Untracked |  0
|   8|0x00000000c1c00000, 0x00000000c1d00000, 0x00000000c1d00000|100%| O|  |TAMS 0x00000000c1c00000| PB 0x00000000c1c00000| Untracked |  0
|   9|0x00000000c1d00000, 0x00000000c1dc7498, 0x00000000c1e00000| 77%| O|  |TAMS 0x00000000c1d00000| PB 0x00000000c1d00000| Untracked |  0
|  10|0x00000000c1e00000, 0x00000000c1e00000, 0x00000000c1f00000|  0%| F|  |TAMS 0x00000000c1e00000| PB 0x00000000c1e00000| Untracked |  0
|  11|0x00000000c1f00000, 0x00000000c1f877f8, 0x00000000c2000000| 52%| S|CS|TAMS 0x00000000c1f00000| PB 0x00000000c1f00000| Complete |  0
|  12|0x00000000c2000000, 0x00000000c2100000, 0x00000000c2100000|100%| S|CS|TAMS 0x00000000c2000000| PB 0x00000000c2000000| Complete |  0
|  13|0x00000000c2100000, 0x00000000c2200000, 0x00000000c2200000|100%| S|CS|TAMS 0x00000000c2100000| PB 0x00000000c2100000| Complete |  0
|  14|0x00000000c2200000, 0x00000000c2200000, 0x00000000c2300000|  0%| F|  |TAMS 0x00000000c2200000| PB 0x00000000c2200000| Untracked |  0
|  15|0x00000000c2300000, 0x00000000c2300000, 0x00000000c2400000|  0%| F|  |TAMS 0x00000000c2300000| PB 0x00000000c2300000| Untracked |  0
|  16|0x00000000c2400000, 0x00000000c2400000, 0x00000000c2500000|  0%| F|  |TAMS 0x00000000c2400000| PB 0x00000000c2400000| Untracked |  0
|  17|0x00000000c2500000, 0x00000000c2500000, 0x00000000c2600000|  0%| F|  |TAMS 0x00000000c2500000| PB 0x00000000c2500000| Untracked |  0
|  18|0x00000000c2600000, 0x00000000c2600000, 0x00000000c2700000|  0%| F|  |TAMS 0x00000000c2600000| PB 0x00000000c2600000| Untracked |  0
|  19|0x00000000c2700000, 0x00000000c2700000, 0x00000000c2800000|  0%| F|  |TAMS 0x00000000c2700000| PB 0x00000000c2700000| Untracked |  0
|  20|0x00000000c2800000, 0x00000000c2800000, 0x00000000c2900000|  0%| F|  |TAMS 0x00000000c2800000| PB 0x00000000c2800000| Untracked |  0
|  21|0x00000000c2900000, 0x00000000c2900000, 0x00000000c2a00000|  0%| F|  |TAMS 0x00000000c2900000| PB 0x00000000c2900000| Untracked |  0
|  22|0x00000000c2a00000, 0x00000000c2a00000, 0x00000000c2b00000|  0%| F|  |TAMS 0x00000000c2a00000| PB 0x00000000c2a00000| Untracked |  0
|  23|0x00000000c2b00000, 0x00000000c2b00000, 0x00000000c2c00000|  0%| F|  |TAMS 0x00000000c2b00000| PB 0x00000000c2b00000| Untracked |  0
|  24|0x00000000c2c00000, 0x00000000c2c00000, 0x00000000c2d00000|  0%| F|  |TAMS 0x00000000c2c00000| PB 0x00000000c2c00000| Untracked |  0
|  25|0x00000000c2d00000, 0x00000000c2d00000, 0x00000000c2e00000|  0%| F|  |TAMS 0x00000000c2d00000| PB 0x00000000c2d00000| Untracked |  0
|  26|0x00000000c2e00000, 0x00000000c2e00000, 0x00000000c2f00000|  0%| F|  |TAMS 0x00000000c2e00000| PB 0x00000000c2e00000| Untracked |  0
|  27|0x00000000c2f00000, 0x00000000c2f9c268, 0x00000000c3000000| 60%| E|  |TAMS 0x00000000c2f00000| PB 0x00000000c2f00000| Complete |  0
|  28|0x00000000c3000000, 0x00000000c3100000, 0x00000000c3100000|100%| E|CS|TAMS 0x00000000c3000000| PB 0x00000000c3000000| Complete |  0
|  29|0x00000000c3100000, 0x00000000c3200000, 0x00000000c3200000|100%| E|CS|TAMS 0x00000000c3100000| PB 0x00000000c3100000| Complete |  0
|  30|0x00000000c3200000, 0x00000000c3300000, 0x00000000c3300000|100%| E|CS|TAMS 0x00000000c3200000| PB 0x00000000c3200000| Complete |  0
|  44|0x00000000c4000000, 0x00000000c4100000, 0x00000000c4100000|100%| E|CS|TAMS 0x00000000c4000000| PB 0x00000000c4000000| Complete |  0
|  45|0x00000000c4100000, 0x00000000c4200000, 0x00000000c4200000|100%| E|CS|TAMS 0x00000000c4100000| PB 0x00000000c4100000| Complete |  0
|  63|0x00000000c5300000, 0x00000000c5400000, 0x00000000c5400000|100%| E|CS|TAMS 0x00000000c5300000| PB 0x00000000c5300000| Complete |  0

Card table byte_map: [0x000001bcfb4f0000,0x000001bcfb6f0000] _byte_map_base: 0x000001bcfaee6000

Marking Bits: (CMBitMap*) 0x000001bcfb29cf90
 Bits: [0x000001bcfb6f0000, 0x000001bcfc6a0000)

Polling page: 0x000001bcfa9f0000

Metaspace:

Usage:
  Non-class:     22.61 MB used.
      Class:      3.28 MB used.
       Both:     25.89 MB used.

Virtual space:
  Non-class space:       64.00 MB reserved,      22.88 MB ( 36%) committed,  1 nodes.
      Class space:        1.00 GB reserved,       3.50 MB ( <1%) committed,  1 nodes.
             Both:        1.06 GB reserved,      26.38 MB (  2%) committed. 

Chunk freelists:
   Non-Class:  9.12 MB
       Class:  12.31 MB
        Both:  21.44 MB

MaxMetaspaceSize: unlimited
CompressedClassSpaceSize: 1.00 GB
Initial GC threshold: 21.00 MB
Current GC threshold: 35.25 MB
CDS: on
 - commit_granule_bytes: 65536.
 - commit_granule_words: 8192.
 - virtual_space_node_default_size: 8388608.
 - enlarge_chunks_in_place: 1.
 - use_allocation_guard: 0.


Internal statistics:

num_allocs_failed_limit: 3.
num_arena_births: 678.
num_arena_deaths: 0.
num_vsnodes_births: 2.
num_vsnodes_deaths: 0.
num_space_committed: 422.
num_space_uncommitted: 0.
num_chunks_returned_to_freelist: 3.
num_chunks_taken_from_freelist: 1655.
num_chunk_merges: 3.
num_chunk_splits: 1068.
num_chunks_enlarged: 717.
num_inconsistent_stats: 0.

CodeHeap 'non-profiled nmethods': size=120000Kb used=1331Kb max_used=1331Kb free=118668Kb
 bounds [0x000001bc8fd50000, 0x000001bc8ffc0000, 0x000001bc97280000]
CodeHeap 'profiled nmethods': size=120000Kb used=6860Kb max_used=6860Kb free=113139Kb
 bounds [0x000001bc88280000, 0x000001bc88940000, 0x000001bc8f7b0000]
CodeHeap 'non-nmethods': size=5760Kb used=1486Kb max_used=1507Kb free=4273Kb
 bounds [0x000001bc8f7b0000, 0x000001bc8fa20000, 0x000001bc8fd50000]
 total_blobs=4078 nmethods=3516 adapters=465
 compilation: enabled
              stopped_count=0, restarted_count=0
 full_count=0

Compilation events (20 events):
Event: 7.009 Thread 0x000001bcfeb9cb50 3388       2       java.lang.invoke.MethodHandles::argumentsWithCombinerChecks (197 bytes)
Event: 7.011 Thread 0x000001bcfeb9cb50 nmethod 3388 0x000001bc888eac90 code [0x000001bc888eaf80, 0x000001bc888eb838]
Event: 7.011 Thread 0x000001bcfeb9cb50 3389       2       java.lang.invoke.LambdaForm$Name::withConstraint (20 bytes)
Event: 7.011 Thread 0x000001bcfeb9cb50 nmethod 3389 0x000001bc888ebf10 code [0x000001bc888ec0c0, 0x000001bc888ec290]
Event: 7.017 Thread 0x000001bcfeb9cb50 3390       2       java.nio.Buffer::mark (10 bytes)
Event: 7.017 Thread 0x000001bcfeb9cb50 nmethod 3390 0x000001bc888ec390 code [0x000001bc888ec520, 0x000001bc888ec630]
Event: 7.019 Thread 0x000001bcfeb9cb50 3391       3       java.util.concurrent.ConcurrentHashMap::get (162 bytes)
Event: 7.020 Thread 0x000001bcfeb9cb50 nmethod 3391 0x000001bc888ec690 code [0x000001bc888ec8e0, 0x000001bc888ed320]
Event: 7.035 Thread 0x000001bcfeb9cb50 3392       2       java.lang.NamedPackage::<init> (59 bytes)
Event: 7.035 Thread 0x000001bcfeb9cb50 nmethod 3392 0x000001bc888ed610 code [0x000001bc888ed820, 0x000001bc888edcd8]
Event: 7.036 Thread 0x000001bcfeb9cb50 3393       2       org.springframework.beans.factory.support.DefaultListableBeanFactory::isBeanEligibleForMetadataCaching (21 bytes)
Event: 7.036 Thread 0x000001bcfeb9cb50 nmethod 3393 0x000001bc888edf90 code [0x000001bc888ee140, 0x000001bc888ee2a0]
Event: 7.036 Thread 0x000001bcfeb9cb50 3394       2       org.springframework.beans.factory.support.AbstractBeanFactory::isBeanEligibleForMetadataCaching (11 bytes)
Event: 7.036 Thread 0x000001bcfeb9cb50 nmethod 3394 0x000001bc888ee390 code [0x000001bc888ee540, 0x000001bc888ee678]
Event: 7.039 Thread 0x000001bcfeb9cb50 3395       2       java.lang.Class::createAnnotationData (185 bytes)
Event: 7.040 Thread 0x000001bcfeb9cb50 nmethod 3395 0x000001bc888ee710 code [0x000001bc888ee9e0, 0x000001bc888ef180]
Event: 7.043 Thread 0x000001bcfeb9cb50 3396       2       java.lang.PublicMethods$MethodList::getMostSpecific (63 bytes)
Event: 7.044 Thread 0x000001bcfeb9cb50 nmethod 3396 0x000001bc888ef610 code [0x000001bc888ef7c0, 0x000001bc888ef9d0]
Event: 7.044 Thread 0x000001bcfeb9cb50 3397       2       java.lang.invoke.Invokers$Holder::linkToTargetMethod (13 bytes)
Event: 7.044 Thread 0x000001bcfeb9cb50 nmethod 3397 0x000001bc888efb90 code [0x000001bc888efd40, 0x000001bc888efec0]

GC Heap History (8 events):
Event: 1.713 GC heap before
{Heap before GC invocations=0 (full 0):
 garbage-first heap   total reserved 1028096K, committed 65536K, used 13312K [0x00000000c1400000, 0x0000000100000000)
  region size 1024K, 14 young (14336K), 0 survivors (0K)
 Metaspace       used 4635K, committed 4928K, reserved 1114112K
  class space    used 518K, committed 640K, reserved 1048576K
}
Event: 1.734 GC heap after
{Heap after GC invocations=1 (full 0):
 garbage-first heap   total reserved 1028096K, committed 65536K, used 3776K [0x00000000c1400000, 0x0000000100000000)
  region size 1024K, 2 young (2048K), 2 survivors (2048K)
 Metaspace       used 4635K, committed 4928K, reserved 1114112K
  class space    used 518K, committed 640K, reserved 1048576K
}
Event: 2.901 GC heap before
{Heap before GC invocations=1 (full 0):
 garbage-first heap   total reserved 1028096K, committed 65536K, used 20160K [0x00000000c1400000, 0x0000000100000000)
  region size 1024K, 19 young (19456K), 2 survivors (2048K)
 Metaspace       used 10002K, committed 10304K, reserved 1114112K
  class space    used 1193K, committed 1344K, reserved 1048576K
}
Event: 2.908 GC heap after
{Heap after GC invocations=2 (full 0):
 garbage-first heap   total reserved 1028096K, committed 65536K, used 5779K [0x00000000c1400000, 0x0000000100000000)
  region size 1024K, 2 young (2048K), 2 survivors (2048K)
 Metaspace       used 10002K, committed 10304K, reserved 1114112K
  class space    used 1193K, committed 1344K, reserved 1048576K
}
Event: 4.613 GC heap before
{Heap before GC invocations=2 (full 0):
 garbage-first heap   total reserved 1028096K, committed 65536K, used 42643K [0x00000000c1400000, 0x0000000100000000)
  region size 1024K, 38 young (38912K), 2 survivors (2048K)
 Metaspace       used 17398K, committed 17664K, reserved 1114112K
  class space    used 2127K, committed 2240K, reserved 1048576K
}
Event: 4.625 GC heap after
{Heap after GC invocations=3 (full 0):
 garbage-first heap   total reserved 1028096K, committed 65536K, used 8638K [0x00000000c1400000, 0x0000000100000000)
  region size 1024K, 5 young (5120K), 5 survivors (5120K)
 Metaspace       used 17398K, committed 17664K, reserved 1114112K
  class space    used 2127K, committed 2240K, reserved 1048576K
}
Event: 5.870 GC heap before
{Heap before GC invocations=3 (full 0):
 garbage-first heap   total reserved 1028096K, committed 65536K, used 26046K [0x00000000c1400000, 0x0000000100000000)
  region size 1024K, 23 young (23552K), 5 survivors (5120K)
 Metaspace       used 21089K, committed 21504K, reserved 1114112K
  class space    used 2638K, committed 2816K, reserved 1048576K
}
Event: 5.892 GC heap after
{Heap after GC invocations=4 (full 0):
 garbage-first heap   total reserved 1028096K, committed 65536K, used 9938K [0x00000000c1400000, 0x0000000100000000)
  region size 1024K, 2 young (2048K), 2 survivors (2048K)
 Metaspace       used 21089K, committed 21504K, reserved 1114112K
  class space    used 2638K, committed 2816K, reserved 1048576K
}

Dll operation events (14 events):
Event: 0.036 Loaded shared library C:\Users\User\.jdks\openjdk-22\bin\java.dll
Event: 0.166 Loaded shared library C:\Users\User\.jdks\openjdk-22\bin\jsvml.dll
Event: 0.375 Loaded shared library C:\Users\User\.jdks\openjdk-22\bin\zip.dll
Event: 0.398 Loaded shared library C:\Users\User\.jdks\openjdk-22\bin\instrument.dll
Event: 0.409 Loaded shared library C:\Users\User\.jdks\openjdk-22\bin\net.dll
Event: 0.416 Loaded shared library C:\Users\User\.jdks\openjdk-22\bin\nio.dll
Event: 0.424 Loaded shared library C:\Users\User\.jdks\openjdk-22\bin\zip.dll
Event: 0.640 Loaded shared library D:\intellijidea\IntelliJ IDEA Community Edition 2023.2.4\bin\breakgen64.dll
Event: 0.714 Loaded shared library C:\Users\User\.jdks\openjdk-22\bin\extnet.dll
Event: 0.790 Loaded shared library C:\Users\User\.jdks\openjdk-22\bin\jimage.dll
Event: 2.773 Loaded shared library C:\Users\User\.jdks\openjdk-22\bin\le.dll
Event: 6.725 Loaded shared library C:\Users\User\.jdks\openjdk-22\bin\sunmscapi.dll
Event: 6.749 Loaded shared library C:\Users\User\.jdks\openjdk-22\bin\management.dll
Event: 6.757 Loaded shared library C:\Users\User\.jdks\openjdk-22\bin\management_ext.dll

Deoptimization events (20 events):
Event: 6.487 Thread 0x000001bcfb261f80 DEOPT PACKING pc=0x000001bc88897606 sp=0x000000994d3fd9d0
Event: 6.487 Thread 0x000001bcfb261f80 DEOPT UNPACKING pc=0x000001bc8f804e42 sp=0x000000994d3fcee0 mode 0
Event: 6.488 Thread 0x000001bcfb261f80 Uncommon trap: trap_request=0xffffff45 fr.pc=0x000001bc8fe20a2c relative=0x00000000000012cc
Event: 6.488 Thread 0x000001bcfb261f80 Uncommon trap: reason=unstable_if action=reinterpret pc=0x000001bc8fe20a2c method=jdk.internal.jimage.ImageLocation.verifyName(Ljava/lang/String;Ljava/lang/String;IIIIIILjdk/internal/jimage/ImageStrings;)Z @ 2 c2
Event: 6.488 Thread 0x000001bcfb261f80 DEOPT PACKING pc=0x000001bc8fe20a2c sp=0x000000994d3fd7c0
Event: 6.488 Thread 0x000001bcfb261f80 DEOPT UNPACKING pc=0x000001bc8f8046a2 sp=0x000000994d3fd698 mode 2
Event: 6.597 Thread 0x000001bcfb261f80 DEOPT PACKING pc=0x000001bc88897606 sp=0x000000994d3fd080
Event: 6.597 Thread 0x000001bcfb261f80 DEOPT UNPACKING pc=0x000001bc8f804e42 sp=0x000000994d3fc590 mode 0
Event: 6.638 Thread 0x000001bcfb261f80 DEOPT PACKING pc=0x000001bc88897606 sp=0x000000994d3fcd60
Event: 6.638 Thread 0x000001bcfb261f80 DEOPT UNPACKING pc=0x000001bc8f804e42 sp=0x000000994d3fc248 mode 0
Event: 6.671 Thread 0x000001bcfb261f80 DEOPT PACKING pc=0x000001bc888c59b5 sp=0x000000994d3fc0e0
Event: 6.671 Thread 0x000001bcfb261f80 DEOPT UNPACKING pc=0x000001bc8f804e42 sp=0x000000994d3fb520 mode 0
Event: 6.676 Thread 0x000001bcfb261f80 DEOPT PACKING pc=0x000001bc8866800a sp=0x000000994d3fcb10
Event: 6.676 Thread 0x000001bcfb261f80 DEOPT UNPACKING pc=0x000001bc8f804e42 sp=0x000000994d3fc020 mode 0
Event: 6.728 Thread 0x000001bcfb261f80 DEOPT PACKING pc=0x000001bc8866800a sp=0x000000994d3fc5d0
Event: 6.728 Thread 0x000001bcfb261f80 DEOPT UNPACKING pc=0x000001bc8f804e42 sp=0x000000994d3fbae0 mode 0
Event: 7.003 Thread 0x000001bcfb261f80 Uncommon trap: trap_request=0xffffff45 fr.pc=0x000001bc8fdaf498 relative=0x0000000000000258
Event: 7.003 Thread 0x000001bcfb261f80 Uncommon trap: reason=unstable_if action=reinterpret pc=0x000001bc8fdaf498 method=java.util.concurrent.ConcurrentHashMap.get(Ljava/lang/Object;)Ljava/lang/Object; @ 76 c2
Event: 7.003 Thread 0x000001bcfb261f80 DEOPT PACKING pc=0x000001bc8fdaf498 sp=0x000000994d3fd130
Event: 7.003 Thread 0x000001bcfb261f80 DEOPT UNPACKING pc=0x000001bc8f8046a2 sp=0x000000994d3fd0a8 mode 2

Classes loaded (20 events):
Event: 6.930 Loading class java/util/stream/SortedOps$SizedRefSortingSink
Event: 6.931 Loading class java/util/stream/SortedOps$SizedRefSortingSink done
Event: 6.955 Loading class javax/net/ssl/SSLException
Event: 6.955 Loading class javax/net/ssl/SSLException done
Event: 6.955 Loading class java/io/EOFException
Event: 6.955 Loading class java/io/EOFException done
Event: 6.986 Loading class java/nio/channels/CompletionHandler
Event: 6.987 Loading class java/nio/channels/CompletionHandler done
Event: 7.002 Loading class jdk/internal/vm/annotation/IntrinsicCandidate
Event: 7.002 Loading class jdk/internal/vm/annotation/IntrinsicCandidate done
Event: 7.014 Loading class java/util/concurrent/ScheduledThreadPoolExecutor$ScheduledFutureTask
Event: 7.014 Loading class java/util/concurrent/ScheduledThreadPoolExecutor$ScheduledFutureTask done
Event: 7.014 Loading class java/util/concurrent/Executors$RunnableAdapter
Event: 7.015 Loading class java/util/concurrent/Executors$RunnableAdapter done
Event: 7.015 Loading class java/util/concurrent/ThreadPoolExecutor$Worker
Event: 7.015 Loading class java/util/concurrent/ThreadPoolExecutor$Worker done
Event: 7.023 Loading class java/lang/invoke/DirectMethodHandle$Special
Event: 7.023 Loading class java/lang/invoke/DirectMethodHandle$Special done
Event: 7.031 Loading class jdk/internal/event/ThreadSleepEvent
Event: 7.032 Loading class jdk/internal/event/ThreadSleepEvent done

Classes unloaded (0 events):
No events

Classes redefined (0 events):
No events

Internal exceptions (20 events):
Event: 5.455 Thread 0x000001bcfb261f80 Exception <a 'java/lang/NoSuchMethodError'{0x00000000c4729b18}: 'void java.lang.invoke.DelegatingMethodHandle$Holder.reinvoke_L(java.lang.Object, java.lang.Object, int)'> (0x00000000c4729b18) 
thrown [s\open\src\hotspot\share\interpreter\linkResolver.cpp, line 774]
Event: 5.482 Thread 0x000001bcfb261f80 Exception <a 'java/lang/NoSuchMethodError'{0x00000000c4783b58}: 'java.lang.Object java.lang.invoke.DirectMethodHandle$Holder.invokeVirtual(java.lang.Object, java.lang.Object, java.lang.Object, java.lang.Object, java.lang.Object)'> (0x00000000c4783b58) 
thrown [s\open\src\hotspot\share\interpreter\linkResolver.cpp, line 774]
Event: 5.736 Thread 0x000001bcfb261f80 Exception <a 'java/lang/NoSuchMethodError'{0x00000000c449c0d0}: 'java.lang.reflect.Field[] java.lang.Class.getDeclaredFields(java.lang.Class)'> (0x00000000c449c0d0) 
thrown [s\open\src\hotspot\share\interpreter\linkResolver.cpp, line 774]
Event: 5.772 Thread 0x000001bcfb261f80 Exception <a 'java/lang/NoSuchMethodError'{0x00000000c44ee4e8}: 'java.lang.Object java.lang.invoke.DirectMethodHandle$Holder.invokeVirtual(java.lang.Object, java.lang.Object, java.lang.Object, java.lang.Object, java.lang.Object, java.lang.Object)'> (0x00000000c44ee4e8) 
thrown [s\open\src\hotspot\share\interpreter\linkResolver.cpp, line 774]
Event: 5.839 Thread 0x000001bcfb261f80 Exception <a 'java/lang/NoSuchMethodError'{0x00000000c43d07d0}: 'void java.lang.invoke.DirectMethodHandle$Holder.invokeInterface(java.lang.Object, java.lang.Object, int)'> (0x00000000c43d07d0) 
thrown [s\open\src\hotspot\share\interpreter\linkResolver.cpp, line 774]
Event: 5.850 Thread 0x000001bcfb261f80 Exception <a 'java/lang/IncompatibleClassChangeError'{0x00000000c4213418}: Found class java.lang.Object, but interface was expected> (0x00000000c4213418) 
thrown [s\open\src\hotspot\share\interpreter\linkResolver.cpp, line 841]
Event: 5.853 Thread 0x000001bcfb261f80 Exception <a 'java/lang/NoSuchMethodError'{0x00000000c42214f0}: 'int java.lang.invoke.DirectMethodHandle$Holder.invokeSpecialIFC(java.lang.Object, java.lang.Object, java.lang.Object)'> (0x00000000c42214f0) 
thrown [s\open\src\hotspot\share\interpreter\linkResolver.cpp, line 774]
Event: 5.856 Thread 0x000001bcfb261f80 Exception <a 'java/lang/NoSuchMethodError'{0x00000000c422d928}: 'void java.lang.invoke.DirectMethodHandle$Holder.invokeStatic(java.lang.Object, int, java.lang.Object)'> (0x00000000c422d928) 
thrown [s\open\src\hotspot\share\interpreter\linkResolver.cpp, line 774]
Event: 5.869 Thread 0x000001bcfb261f80 Exception <a 'java/lang/NoSuchMethodError'{0x00000000c4263bf0}: 'void java.lang.invoke.DirectMethodHandle$Holder.invokeStatic(java.lang.Object, java.lang.Object, java.lang.Object, int, java.lang.Object)'> (0x00000000c4263bf0) 
thrown [s\open\src\hotspot\share\interpreter\linkResolver.cpp, line 774]
Event: 5.895 Thread 0x000001bcfb261f80 Exception <a 'java/lang/NoSuchMethodError'{0x00000000c5303788}: 'java.lang.Object java.lang.invoke.DirectMethodHandle$Holder.newInvokeSpecial(java.lang.Object, java.lang.Object, java.lang.Object, int)'> (0x00000000c5303788) 
thrown [s\open\src\hotspot\share\interpreter\linkResolver.cpp, line 774]
Event: 5.896 Thread 0x000001bcfb261f80 Exception <a 'java/lang/NoSuchMethodError'{0x00000000c5307628}: 'java.lang.Object java.lang.invoke.DirectMethodHandle$Holder.invokeSpecial(java.lang.Object, java.lang.Object, java.lang.Object, java.lang.Object, int)'> (0x00000000c5307628) 
thrown [s\open\src\hotspot\share\interpreter\linkResolver.cpp, line 774]
Event: 5.896 Thread 0x000001bcfb261f80 Exception <a 'java/lang/NoSuchMethodError'{0x00000000c530aab0}: 'java.lang.Object java.lang.invoke.Invokers$Holder.linkToTargetMethod(java.lang.Object, java.lang.Object, int, java.lang.Object)'> (0x00000000c530aab0) 
thrown [s\open\src\hotspot\share\interpreter\linkResolver.cpp, line 774]
Event: 6.176 Thread 0x000001bcfb261f80 Exception <a 'java/lang/NoSuchMethodError'{0x00000000c30e1210}: 'java.lang.Object java.lang.invoke.DirectMethodHandle$Holder.invokeStaticInit(java.lang.Object, int, int, int, int)'> (0x00000000c30e1210) 
thrown [s\open\src\hotspot\share\interpreter\linkResolver.cpp, line 774]
Event: 6.235 Thread 0x000001bcfb261f80 Exception <a 'java/lang/NoSuchMethodError'{0x00000000c2f444c0}: 'java.lang.Object java.lang.invoke.DirectMethodHandle$Holder.invokeStaticInit(java.lang.Object, java.lang.Object, int, int, int, int)'> (0x00000000c2f444c0) 
thrown [s\open\src\hotspot\share\interpreter\linkResolver.cpp, line 774]
Event: 6.363 Thread 0x000001bcfb261f80 Exception <a 'java/lang/NoSuchMethodError'{0x00000000c2de8de8}: 'int java.lang.invoke.DirectMethodHandle$Holder.invokeVirtual(java.lang.Object, java.lang.Object, java.lang.Object, java.lang.Object)'> (0x00000000c2de8de8) 
thrown [s\open\src\hotspot\share\interpreter\linkResolver.cpp, line 774]
Event: 6.363 Thread 0x000001bcfb261f80 Exception <a 'java/lang/NoSuchMethodError'{0x00000000c2dec860}: 'int java.lang.invoke.DelegatingMethodHandle$Holder.reinvoke_L(java.lang.Object, java.lang.Object, java.lang.Object, java.lang.Object)'> (0x00000000c2dec860) 
thrown [s\open\src\hotspot\share\interpreter\linkResolver.cpp, line 774]
Event: 6.797 Thread 0x000001bcfb261f80 Exception <a 'java/io/FileNotFoundException'{0x00000000c27436e0}> (0x00000000c27436e0) 
thrown [s\open\src\hotspot\share\prims\jni.cpp, line 520]
Event: 6.876 Thread 0x000001bcfb261f80 Exception <a 'java/lang/NoSuchMethodError'{0x00000000c26449c8}: 'int java.lang.invoke.DirectMethodHandle$Holder.invokeInterface(java.lang.Object, java.lang.Object, java.lang.Object, java.lang.Object)'> (0x00000000c26449c8) 
thrown [s\open\src\hotspot\share\interpreter\linkResolver.cpp, line 774]
Event: 6.988 Thread 0x000001bcfb261f80 Exception <a 'java/lang/NoSuchMethodError'{0x00000000c25fd320}: 'long java.lang.invoke.DirectMethodHandle$Holder.invokeVirtual(java.lang.Object, java.lang.Object)'> (0x00000000c25fd320) 
thrown [s\open\src\hotspot\share\interpreter\linkResolver.cpp, line 774]
Event: 7.038 Thread 0x000001bcfb261f80 Exception <a 'java/lang/NoSuchMethodError'{0x00000000c24ca998}: 'void java.lang.invoke.Invokers$Holder.invokeExact_MT(java.lang.Object, java.lang.Object, java.lang.Object, java.lang.Object)'> (0x00000000c24ca998) 
thrown [s\open\src\hotspot\share\interpreter\linkResolver.cpp, line 774]

ZGC Phase Switch (0 events):
No events

VM Operations (20 events):
Event: 6.031 Executing VM operation: HandshakeAllThreads (Deoptimize)
Event: 6.031 Executing VM operation: HandshakeAllThreads (Deoptimize) done
Event: 6.083 Executing VM operation: HandshakeAllThreads (Deoptimize)
Event: 6.083 Executing VM operation: HandshakeAllThreads (Deoptimize) done
Event: 6.095 Executing VM operation: HandshakeAllThreads (Deoptimize)
Event: 6.095 Executing VM operation: HandshakeAllThreads (Deoptimize) done
Event: 6.461 Executing VM operation: HandshakeAllThreads (Deoptimize)
Event: 6.461 Executing VM operation: HandshakeAllThreads (Deoptimize) done
Event: 6.573 Executing VM operation: HandshakeAllThreads (Deoptimize)
Event: 6.573 Executing VM operation: HandshakeAllThreads (Deoptimize) done
Event: 6.653 Executing VM operation: HandshakeAllThreads (Deoptimize)
Event: 6.653 Executing VM operation: HandshakeAllThreads (Deoptimize) done
Event: 6.920 Executing VM operation: HandshakeAllThreads (Deoptimize)
Event: 6.920 Executing VM operation: HandshakeAllThreads (Deoptimize) done
Event: 6.921 Executing VM operation: HandshakeAllThreads (Deoptimize)
Event: 6.921 Executing VM operation: HandshakeAllThreads (Deoptimize) done
Event: 7.006 Executing VM operation: HandshakeAllThreads (Deoptimize)
Event: 7.006 Executing VM operation: HandshakeAllThreads (Deoptimize) done
Event: 7.006 Executing VM operation: Cleanup
Event: 7.007 Executing VM operation: Cleanup done

Events (19 events):
Event: 0.116 Thread 0x000001bcfb261f80 Thread added: 0x000001bcfb261f80
Event: 0.161 Thread 0x000001bcfeb8cb40 Thread added: 0x000001bcfeb8cb40
Event: 0.161 Thread 0x000001bcfeb915c0 Thread added: 0x000001bcfeb915c0
Event: 0.162 Thread 0x000001bcfeb92020 Thread added: 0x000001bcfeb92020
Event: 0.162 Thread 0x000001bcfeb92a80 Thread added: 0x000001bcfeb92a80
Event: 0.162 Thread 0x000001bcfeb954f0 Thread added: 0x000001bcfeb954f0
Event: 0.162 Thread 0x000001bcfeb966f0 Thread added: 0x000001bcfeb966f0
Event: 0.162 Thread 0x000001bcfeb98490 Thread added: 0x000001bcfeb98490
Event: 0.162 Thread 0x000001bcfeb9cb50 Thread added: 0x000001bcfeb9cb50
Event: 0.320 Thread 0x000001bcfeb5c8c0 Thread added: 0x000001bcfeb5c8c0
Event: 0.641 Thread 0x000001bc975c8170 Thread added: 0x000001bc975c8170
Event: 0.642 Thread 0x000001bc975526e0 Thread added: 0x000001bc975526e0
Event: 2.701 Thread 0x000001bcdd18e130 Thread added: 0x000001bcdd18e130
Event: 3.627 Thread 0x000001bcdd18e130 Thread exited: 0x000001bcdd18e130
Event: 3.942 Thread 0x000001bcdd6b1190 Thread added: 0x000001bcdd6b1190
Event: 3.973 Thread 0x000001bcdd6b1190 Thread exited: 0x000001bcdd6b1190
Event: 7.020 Thread 0x000001bc97d51d20 Thread added: 0x000001bc97d51d20
Event: 7.022 Thread 0x000001bcde11e2a0 Thread added: 0x000001bcde11e2a0
Event: 7.031 Thread 0x000001bcde11e910 Thread added: 0x000001bcde11e910


Dynamic libraries:
0x00007ff733560000 - 0x00007ff73356e000 	C:\Users\User\.jdks\openjdk-22\bin\java.exe
0x00007ffe47df0000 - 0x00007ffe47fe8000 	C:\Windows\SYSTEM32\ntdll.dll
0x00007ffe47700000 - 0x00007ffe477bf000 	C:\Windows\System32\KERNEL32.DLL
0x00007ffe458b0000 - 0x00007ffe45b82000 	C:\Windows\System32\KERNELBASE.dll
0x00007ffe45640000 - 0x00007ffe45740000 	C:\Windows\System32\ucrtbase.dll
0x00007ffe3e0e0000 - 0x00007ffe3e0f7000 	C:\Users\User\.jdks\openjdk-22\bin\jli.dll
0x00007ffe478f0000 - 0x00007ffe47a91000 	C:\Windows\System32\USER32.dll
0x00007ffe45cf0000 - 0x00007ffe45d12000 	C:\Windows\System32\win32u.dll
0x00007ffe47c90000 - 0x00007ffe47cbb000 	C:\Windows\System32\GDI32.dll
0x00007ffe45d20000 - 0x00007ffe45e2f000 	C:\Windows\System32\gdi32full.dll
0x00007ffe45570000 - 0x00007ffe4560d000 	C:\Windows\System32\msvcp_win.dll
0x00007ffe37a00000 - 0x00007ffe37a1b000 	C:\Users\User\.jdks\openjdk-22\bin\VCRUNTIME140.dll
0x00007ffe38680000 - 0x00007ffe3891a000 	C:\Windows\WinSxS\amd64_microsoft.windows.common-controls_6595b64144ccf1df_6.0.19041.1110_none_60b5254171f9507e\COMCTL32.dll
0x00007ffe47570000 - 0x00007ffe4760e000 	C:\Windows\System32\msvcrt.dll
0x00007ffe47610000 - 0x00007ffe47642000 	C:\Windows\System32\IMM32.DLL
0x00007ffe452f0000 - 0x00007ffe45321000 	C:\Windows\system32\nvinitx.dll
0x00007ffe467e0000 - 0x00007ffe4688e000 	C:\Windows\System32\ADVAPI32.dll
0x00007ffe47660000 - 0x00007ffe476fc000 	C:\Windows\System32\sechost.dll
0x00007ffe477c0000 - 0x00007ffe478e5000 	C:\Windows\System32\RPCRT4.dll
0x00007ffe452e0000 - 0x00007ffe452ea000 	C:\Windows\SYSTEM32\VERSION.dll
0x00007ffe40d60000 - 0x00007ffe40ded000 	C:\Windows\system32\NV\igdumd64.dll
0x00007ffe46920000 - 0x00007ffe46d88000 	C:\Windows\System32\SETUPAPI.dll
0x00007ffe45740000 - 0x00007ffe4578e000 	C:\Windows\System32\cfgmgr32.dll
0x00007ffe45610000 - 0x00007ffe45637000 	C:\Windows\System32\bcrypt.dll
0x00007ffe3e360000 - 0x00007ffe3e3ed000 	C:\Windows\system32\NV\igd10umd64.dll
0x00007ffe3a710000 - 0x00007ffe3a71c000 	C:\Users\User\.jdks\openjdk-22\bin\vcruntime140_1.dll
0x00007ffe2b3a0000 - 0x00007ffe2b42e000 	C:\Users\User\.jdks\openjdk-22\bin\msvcp140.dll
0x00007ffe14f80000 - 0x00007ffe15cc8000 	C:\Users\User\.jdks\openjdk-22\bin\server\jvm.dll
0x00007ffe46ed0000 - 0x00007ffe46f3b000 	C:\Windows\System32\WS2_32.dll
0x00007ffe41260000 - 0x00007ffe41287000 	C:\Windows\SYSTEM32\WINMM.dll
0x00007ffe45350000 - 0x00007ffe4539b000 	C:\Windows\SYSTEM32\POWRPROF.dll
0x00007ffe45330000 - 0x00007ffe45342000 	C:\Windows\SYSTEM32\UMPDC.dll
0x00007ffe43350000 - 0x00007ffe43362000 	C:\Windows\SYSTEM32\kernel.appcore.dll
0x00007ffe39d90000 - 0x00007ffe39d9a000 	C:\Users\User\.jdks\openjdk-22\bin\jimage.dll
0x00007ffe31380000 - 0x00007ffe31564000 	C:\Windows\SYSTEM32\DBGHELP.DLL
0x00007ffe31310000 - 0x00007ffe31345000 	C:\Windows\SYSTEM32\dbgcore.DLL
0x00007ffe454e0000 - 0x00007ffe45562000 	C:\Windows\System32\bcryptPrimitives.dll
0x00007ffe3fbb0000 - 0x00007ffe3fbbf000 	C:\Users\User\.jdks\openjdk-22\bin\instrument.dll
0x00007ffe37790000 - 0x00007ffe377ae000 	C:\Users\User\.jdks\openjdk-22\bin\java.dll
0x00007ffe45f60000 - 0x00007ffe466a4000 	C:\Windows\System32\SHELL32.dll
0x00007ffe47aa0000 - 0x00007ffe47bca000 	C:\Windows\System32\ole32.dll
0x00007ffe470f0000 - 0x00007ffe47445000 	C:\Windows\System32\combase.dll
0x00007ffe43550000 - 0x00007ffe43ce2000 	C:\Windows\SYSTEM32\windows.storage.dll
0x00007ffe44e10000 - 0x00007ffe44e40000 	C:\Windows\SYSTEM32\Wldp.dll
0x00007ffe45e30000 - 0x00007ffe45edd000 	C:\Windows\System32\SHCORE.dll
0x00007ffe46780000 - 0x00007ffe467d5000 	C:\Windows\System32\shlwapi.dll
0x00007ffe45420000 - 0x00007ffe4543f000 	C:\Windows\SYSTEM32\profapi.dll
0x00007ffe2aa80000 - 0x00007ffe2ab57000 	C:\Users\User\.jdks\openjdk-22\bin\jsvml.dll
0x00007ffe2c100000 - 0x00007ffe2c117000 	C:\Users\User\.jdks\openjdk-22\bin\zip.dll
0x00007ffe38300000 - 0x00007ffe38310000 	C:\Users\User\.jdks\openjdk-22\bin\net.dll
0x00007ffe44b70000 - 0x00007ffe44bda000 	C:\Windows\system32\mswsock.dll
0x00007ffe37630000 - 0x00007ffe37646000 	C:\Users\User\.jdks\openjdk-22\bin\nio.dll
0x00007ffe3fb90000 - 0x00007ffe3fbaa000 	D:\intellijidea\IntelliJ IDEA Community Edition 2023.2.4\bin\breakgen64.dll
0x00007ffe379e0000 - 0x00007ffe379e9000 	C:\Users\User\.jdks\openjdk-22\bin\extnet.dll
0x00007ffe3e190000 - 0x00007ffe3e19b000 	C:\Users\User\.jdks\openjdk-22\bin\le.dll
0x00007ffe44d60000 - 0x00007ffe44d78000 	C:\Windows\SYSTEM32\CRYPTSP.dll
0x00007ffe44490000 - 0x00007ffe444c4000 	C:\Windows\system32\rsaenh.dll
0x00007ffe453e0000 - 0x00007ffe4540e000 	C:\Windows\SYSTEM32\USERENV.dll
0x00007ffe44d80000 - 0x00007ffe44d8c000 	C:\Windows\SYSTEM32\CRYPTBASE.dll
0x00007ffe44860000 - 0x00007ffe4489b000 	C:\Windows\SYSTEM32\IPHLPAPI.DLL
0x00007ffe46ec0000 - 0x00007ffe46ec8000 	C:\Windows\System32\NSI.dll
0x00007ffe33720000 - 0x00007ffe3372e000 	C:\Users\User\.jdks\openjdk-22\bin\sunmscapi.dll
0x00007ffe45b90000 - 0x00007ffe45ce6000 	C:\Windows\System32\CRYPT32.dll
0x00007ffe44e80000 - 0x00007ffe44ea7000 	C:\Windows\SYSTEM32\ncrypt.dll
0x00007ffe44e40000 - 0x00007ffe44e7b000 	C:\Windows\SYSTEM32\NTASN1.dll
0x00007ffe39dc0000 - 0x00007ffe39dca000 	C:\Users\User\.jdks\openjdk-22\bin\management.dll
0x00007ffe39db0000 - 0x00007ffe39dbb000 	C:\Users\User\.jdks\openjdk-22\bin\management_ext.dll
0x00007ffe47650000 - 0x00007ffe47658000 	C:\Windows\System32\PSAPI.DLL

dbghelp: loaded successfully - version: 4.0.5 - missing functions: none
symbol engine: initialized successfully - sym options: 0x614 - pdb path: .;C:\Users\User\.jdks\openjdk-22\bin;C:\Windows\SYSTEM32;C:\Windows\WinSxS\amd64_microsoft.windows.common-controls_6595b64144ccf1df_6.0.19041.1110_none_60b5254171f9507e;C:\Windows\system32\NV;C:\Users\User\.jdks\openjdk-22\bin\server;D:\intellijidea\IntelliJ IDEA Community Edition 2023.2.4\bin

VM Arguments:
jvm_args: -javaagent:D:\intellijidea\IntelliJ IDEA Community Edition 2023.2.4\lib\idea_rt.jar=64138:D:\intellijidea\IntelliJ IDEA Community Edition 2023.2.4\bin -Dfile.encoding=UTF-8 -Dsun.stdout.encoding=UTF-8 -Dsun.stderr.encoding=UTF-8 
java_command: com.example.JavaRestApi.JavaRestApiApplication
java_class_path (initial): D:\JavaRestApi\target\classes;C:\Users\User\.m2\repository\org\springframework\boot\spring-boot-starter-web\3.1.10\spring-boot-starter-web-3.1.10.jar;C:\Users\User\.m2\repository\org\springframework\boot\spring-boot-starter\3.1.10\spring-boot-starter-3.1.10.jar;C:\Users\User\.m2\repository\org\springframework\boot\spring-boot\3.1.10\spring-boot-3.1.10.jar;C:\Users\User\.m2\repository\org\springframework\boot\spring-boot-autoconfigure\3.1.10\spring-boot-autoconfigure-3.1.10.jar;C:\Users\User\.m2\repository\org\springframework\boot\spring-boot-starter-logging\3.1.10\spring-boot-starter-logging-3.1.10.jar;C:\Users\User\.m2\repository\ch\qos\logback\logback-classic\1.4.14\logback-classic-1.4.14.jar;C:\Users\User\.m2\repository\ch\qos\logback\logback-core\1.4.14\logback-core-1.4.14.jar;C:\Users\User\.m2\repository\org\apache\logging\log4j\log4j-to-slf4j\2.20.0\log4j-to-slf4j-2.20.0.jar;C:\Users\User\.m2\repository\org\apache\logging\log4j\log4j-api\2.20.0\log4j-api-2.20.0.jar;C:\Users\User\.m2\repository\org\slf4j\jul-to-slf4j\2.0.12\jul-to-slf4j-2.0.12.jar;C:\Users\User\.m2\repository\jakarta\annotation\jakarta.annotation-api\2.1.1\jakarta.annotation-api-2.1.1.jar;C:\Users\User\.m2\repository\org\yaml\snakeyaml\1.33\snakeyaml-1.33.jar;C:\Users\User\.m2\repository\org\springframework\boot\spring-boot-starter-json\3.1.10\spring-boot-starter-json-3.1.10.jar;C:\Users\User\.m2\repository\com\fasterxml\jackson\core\jackson-databind\2.15.4\jackson-databind-2.15.4.jar;C:\Users\User\.m2\repository\com\fasterxml\jackson\core\jackson-annotations\2.15.4\jackson-annotations-2.15.4.jar;C:\Users\User\.m2\repository\com\fasterxml\jackson\core\jackson-core\2.15.4\jackson-core-2.15.4.jar;C:\Users\User\.m2\repository\com\fasterxml\jackson\datatype\jackson-datatype-jdk8\2.15.4\jackson-datatype-jdk8-2.15.4.jar;C:\Users\User\.m2\repository\com\fasterxml\jackson\datatype\jackson-datatype-jsr310\2.15.4\jackson-datatype-jsr310-2.15.4.jar;C:\Users\User\.m2\repository\com\fasterxml\jackson\module\jackson-module-parameter-names\2.15.4\jackson-module-parameter-names-2.15.4.jar;C:\Users\User\.m2\repository\org\springframework\boot\spring-boot-starter-tomcat\3.1.10\spring-boot-starter-tomcat-3.1.10.jar;C:\Users\User\.m2\repository\org\apache\tomcat\embed\tomcat-embed-core\10.1.19\tomcat-embed-core-10.1.19.jar;C:\Users\User\.m2\repository\org\apache\tomcat\embed\tomcat-embed-el\10.1.19\tomcat-embed-el-10.1.19.jar;C:\Users\User\.m2\repository\org\apache\tomcat\embed\tomcat-embed-websocket\10.1.19\tomcat-embed-websocket-10.1.19.jar;C:\Users\User\.m2\repository\org\springframework\spring-web\6.0.18\spring-web-6.0.18.jar;C:\Users\User\.m2\repository\org\springframework\spring-beans\6.0.18\spring-beans-6.0.18.jar;C:\Users\User\.m2\repository\io\micrometer\micrometer-observation\1.11.10\micrometer-observation-1.11.10.jar;C:\Users\User\.m2\repository\io\micrometer\micrometer-commons\1.11.10\micrometer-commons-1.11.10.jar;C:\Users\User\.m2\repository\org\springframework\spring-webmvc\6.0.18\spring-webmvc-6.0.18.jar;C:\Users\User\.m2\repository\org\springframework\spring-aop\6.0.18\spring-aop-6.0.18.jar;C:\Users\User\.m2\repository\org\springframework\spring-context\6.0.18\spring-context-6.0.18.jar;C:\Users\User\.m2\repository\org\springframework\spring-expression\6.0.18\spring-expression-6.0.18.jar;C:\Users\User\.m2\repository\org\projectlombok\lombok\1.18.30\lombok-1.18.30.jar;C:\Users\User\.m2\repository\org\slf4j\slf4j-api\2.0.12\slf4j-api-2.0.12.jar;C:\Users\User\.m2\repository\org\springframework\spring-core\6.0.18\spring-core-6.0.18.jar;C:\Users\User\.m2\repository\org\springframework\spring-jcl\6.0.18\spring-jcl-6.0.18.jar
Launcher Type: SUN_STANDARD

[Global flags]
     intx CICompilerCount                          = 3                                         {product} {ergonomic}
     uint ConcGCThreads                            = 1                                         {product} {ergonomic}
     uint G1ConcRefinementThreads                  = 4                                         {product} {ergonomic}
   size_t G1HeapRegionSize                         = 1048576                                   {product} {ergonomic}
   size_t InitialHeapSize                          = 67108864                                  {product} {ergonomic}
   size_t MarkStackSize                            = 4194304                                   {product} {ergonomic}
   size_t MaxHeapSize                              = 1052770304                                {product} {ergonomic}
   size_t MaxNewSize                               = 631242752                                 {product} {ergonomic}
   size_t MinHeapDeltaBytes                        = 1048576                                   {product} {ergonomic}
   size_t MinHeapSize                              = 8388608                                   {product} {ergonomic}
    uintx NonNMethodCodeHeapSize                   = 5832780                                {pd product} {ergonomic}
    uintx NonProfiledCodeHeapSize                  = 122912730                              {pd product} {ergonomic}
    uintx ProfiledCodeHeapSize                     = 122912730                              {pd product} {ergonomic}
    uintx ReservedCodeCacheSize                    = 251658240                              {pd product} {ergonomic}
     bool SegmentedCodeCache                       = true                                      {product} {ergonomic}
   size_t SoftMaxHeapSize                          = 1052770304                             {manageable} {ergonomic}
     bool UseCompressedOops                        = true                           {product lp64_product} {ergonomic}
     bool UseG1GC                                  = true                                      {product} {ergonomic}
     bool UseLargePagesIndividualAllocation        = false                                  {pd product} {ergonomic}

Logging:
Log output configuration:
 #0: stdout all=warning uptime,level,tags foldmultilines=false
 #1: stderr all=off uptime,level,tags foldmultilines=false

Environment Variables:
PATH=C:\Program Files\Microsoft\jdk-11.0.12.7-hotspot\bin;C:\ProgramData\Oracle\Java\javapath;C:\Program Files\Common Files\Oracle\Java\javapath;C:\Windows\system32;C:\Windows;C:\Windows\System32\Wbem;C:\Windows\System32\WindowsPowerShell\v1.0\;C:\Windows\System32\OpenSSH\;C:\Program Files (x86)\Intel\OpenCL SDK\2.0\bin\x86;C:\Program Files (x86)\Intel\OpenCL SDK\2.0\bin\x64;C:\Program Files (x86)\NVIDIA Corporation\PhysX\Common;C:\Program Files\Microsoft SQL Server\150\Tools\Binn\;C:\Program Files\Microsoft\Web Platform Installer\;C:\Program Files\dotnet\;C:\Program Files (x86)\dotnet\;D:\apache-maven-3.9.5-bin\apache-maven-3.9.5\bin;C:\Program Files (x86)\Windows Kits\10\Windows Performance Toolkit\;D:\ffmpeg-master-latest-win64-gpl\bin;D:\Node js\;C:\Program Files\MySQL\MySQL Shell 8.0\bin\;C:\Users\User\AppData\Local\Microsoft\WindowsApps;;C:\Program Files\JetBrains\PyCharm Community Edition 2022.2.1\bin;;C:\Users\User\AppData\Local\Programs\Microsoft VS Code\bin;D:\inteliji idea\IntelliJ IDEA Community Edition 2022.3.2\bin;;C:\Users\User\.dotnet\tools;C:\Users\User\AppData\Roaming\npm
USERNAME=User
OS=Windows_NT
PROCESSOR_IDENTIFIER=Intel64 Family 6 Model 42 Stepping 7, GenuineIntel
TMP=C:\Users\User\AppData\Local\Temp
TEMP=C:\Users\User\AppData\Local\Temp




Periodic native trim disabled

---------------  S Y S T E M  ---------------

OS:
 Windows 10 , 64 bit Build 19041 (10.0.19041.2251)
OS uptime: 2 days 0:04 hours

CPU: total 4 (initial active 4) (2 cores per cpu, 2 threads per core) family 6 model 42 stepping 7 microcode 0x2f, cx8, cmov, fxsr, ht, mmx, sse, sse2, sse3, ssse3, sse4.1, sse4.2, popcnt, tsc, tscinvbit, avx, clmul, vzeroupper, clflush, rdtscp
Processor Information for all 4 processors :
  Max Mhz: 2200, Current Mhz: 2200, Mhz Limit: 2200

Memory: 4k page, system-wide physical 4010M (181M free)
TotalPageFile size 12206M (AvailPageFile size 2M)
current process WorkingSet (physical memory assigned to process): 135M, peak: 142M
current process commit charge ("private bytes"): 165M, peak: 193M

vm_info: OpenJDK 64-Bit Server VM (22+36-2370) for windows-amd64 JRE (22+36-2370), built on 2024-02-15T22:15:19Z by "mach5one" with MS VC++ 17.6 (VS2022)

END.
